23:08:50,597 TRACE BasicBinder:65 - binding parameter [1] as [VARCHAR] - [Shuvadip1]
23:08:50,600 TRACE BasicBinder:65 - binding parameter [2] as [VARCHAR] - [Basu]
23:08:50,600 TRACE BasicBinder:65 - binding parameter [3] as [VARCHAR] - [9903246300]
23:08:50,601 TRACE BasicBinder:65 - binding parameter [4] as [BIGINT] - [2]
23:59:38,685 TRACE BasicBinder:65 - binding parameter [1] as [VARCHAR] - [Test]
23:59:38,688 TRACE BasicBinder:65 - binding parameter [2] as [BIGINT] - [1]
21:59:03,732 TRACE BasicBinder:65 - binding parameter [1] as [VARCHAR] - [Test]
21:59:03,735 TRACE BasicBinder:65 - binding parameter [2] as [BIGINT] - [2]
21:59:03,740 TRACE BasicBinder:65 - binding parameter [1] as [BIGINT] - [2]
21:59:03,740 TRACE BasicBinder:65 - binding parameter [2] as [VARCHAR] - [Shuva]
21:59:03,741 TRACE BasicBinder:65 - binding parameter [3] as [VARCHAR] - [Basu]
21:59:03,741 TRACE BasicBinder:65 - binding parameter [4] as [VARCHAR] - [9903246300]
21:59:03,741 TRACE BasicBinder:65 - binding parameter [5] as [BIGINT] - [1]
22:02:01,036 TRACE BasicBinder:65 - binding parameter [1] as [BIGINT] - [11]
22:02:01,047 TRACE BasicBinder:65 - binding parameter [1] as [VARCHAR] - [Test1]
22:02:01,047 TRACE BasicBinder:65 - binding parameter [2] as [BIGINT] - [3]
22:02:01,048 TRACE BasicBinder:65 - binding parameter [1] as [BIGINT] - [3]
22:02:01,049 TRACE BasicBinder:65 - binding parameter [2] as [VARCHAR] - [Shuva1]
22:02:01,049 TRACE BasicBinder:65 - binding parameter [3] as [VARCHAR] - [Basu1]
22:02:01,049 TRACE BasicBinder:65 - binding parameter [4] as [VARCHAR] - [9903246300]
22:02:01,050 TRACE BasicBinder:65 - binding parameter [5] as [BIGINT] - [11]
22:18:31,833 TRACE BasicBinder:65 - binding parameter [1] as [BIGINT] - [1]
22:20:07,149 TRACE BasicBinder:65 - binding parameter [1] as [BIGINT] - [1]
22:20:07,168 TRACE BasicBinder:65 - binding parameter [1] as [BIGINT] - [3]
22:20:07,183 TRACE BasicBinder:65 - binding parameter [1] as [BIGINT] - [3]
22:20:07,183 TRACE BasicBinder:65 - binding parameter [2] as [VARCHAR] - [Shuva]
22:20:07,184 TRACE BasicBinder:65 - binding parameter [3] as [VARCHAR] - [Basu]
22:20:07,184 TRACE BasicBinder:65 - binding parameter [4] as [VARCHAR] - [9903246300]
22:20:07,184 TRACE BasicBinder:65 - binding parameter [5] as [BIGINT] - [1]
